<?xml version="1.0" encoding="UTF-8"?>
<!-- Generated by org.testng.reporters.JUnitReportReporter -->
<testsuite hostname="Godzilla-ASUSDesktop" failures="0" tests="6" name="api.test.UserTest2_DDT_001" time="1.942" errors="0" timestamp="2023-08-28T12:55:46 MDT" skipped="0">
  <testcase classname="api.test.UserTest2_DDT_001" name="testDDTPostUser" time="0.323"/>
  <system-out/>
  <testcase classname="api.test.UserTest2_DDT_001" name="testDDTPostUser" time="0.336"/>
  <system-out/>
  <testcase classname="api.test.UserTest2_DDT_001" name="testDDTPostUser" time="0.323"/>
  <system-out/>
  <testcase classname="api.test.UserTest2_DDT_001" name="testDDTDeleteUser" time="0.318"/>
  <system-out/>
  <testcase classname="api.test.UserTest2_DDT_001" name="testDDTDeleteUser" time="0.318"/>
  <system-out/>
  <testcase classname="api.test.UserTest2_DDT_001" name="testDDTDeleteUser" time="0.324"/>
  <system-out/>
</testsuite> <!-- api.test.UserTest2_DDT_001 -->
