<?xml version="1.0" encoding="UTF-8"?>
<!-- Generated by org.testng.reporters.JUnitReportReporter -->
<testsuite hostname="Godzilla-ASUSDesktop" failures="0" tests="4" name="api.test.UserTests_byPropertyFile" time="1.666" errors="0" timestamp="2023-08-28T12:55:46 MDT" skipped="0">
  <testcase classname="api.test.UserTests_byPropertyFile" name="testPostUser" time="0.334"/>
  <system-out/>
  <testcase classname="api.test.UserTests_byPropertyFile" name="testGetUserByName" time="0.333"/>
  <system-out/>
  <testcase classname="api.test.UserTests_byPropertyFile" name="testUpdateUserByName" time="0.667"/>
  <system-out/>
  <testcase classname="api.test.UserTests_byPropertyFile" name="testDeleteUserByName" time="0.332"/>
  <system-out/>
</testsuite> <!-- api.test.UserTests_byPropertyFile -->
