<?xml version="1.0" encoding="UTF-8"?>
<!-- Generated by org.testng.reporters.JUnitReportReporter -->
<testsuite hostname="Godzilla-ASUSDesktop" failures="0" tests="4" name="api.test.UserTests_001" time="2.603" errors="0" timestamp="2023-08-29T21:40:28 MDT" skipped="0">
  <testcase classname="api.test.UserTests_001" name="testPostUser" time="1.250"/>
  <system-out/>
  <testcase classname="api.test.UserTests_001" name="testGetUserByName" time="0.359"/>
  <system-out/>
  <testcase classname="api.test.UserTests_001" name="testUpdateUserByName" time="0.669"/>
  <system-out/>
  <testcase classname="api.test.UserTests_001" name="testDeleteUserByName" time="0.325"/>
  <system-out/>
</testsuite> <!-- api.test.UserTests_001 -->
