<?xml version="1.0" encoding="UTF-8"?>
<!-- Generated by org.testng.reporters.JUnitReportReporter -->
<testsuite hostname="Godzilla-ASUSDesktop" failures="0" tests="6" name="api.test.UserTest2_DDT_001" time="1.966" errors="0" timestamp="2023-08-29T12:05:09 MDT" skipped="0">
  <testcase classname="api.test.UserTest2_DDT_001" name="testDDTPostUser" time="0.340"/>
  <system-out/>
  <testcase classname="api.test.UserTest2_DDT_001" name="testDDTPostUser" time="0.336"/>
  <system-out/>
  <testcase classname="api.test.UserTest2_DDT_001" name="testDDTPostUser" time="0.326"/>
  <system-out/>
  <testcase classname="api.test.UserTest2_DDT_001" name="testDDTDeleteUser" time="0.337"/>
  <system-out/>
  <testcase classname="api.test.UserTest2_DDT_001" name="testDDTDeleteUser" time="0.326"/>
  <system-out/>
  <testcase classname="api.test.UserTest2_DDT_001" name="testDDTDeleteUser" time="0.301"/>
  <system-out/>
</testsuite> <!-- api.test.UserTest2_DDT_001 -->
