<?xml version="1.0" encoding="UTF-8"?>
<!-- Generated by org.testng.reporters.JUnitReportReporter -->
<testsuite hostname="Godzilla-ASUSDesktop" failures="0" tests="4" name="api.test.UserTests_001" time="2.665" errors="0" timestamp="2023-08-29T21:56:52 MDT" skipped="0">
  <testcase classname="api.test.UserTests_001" name="testPostUser" time="1.352"/>
  <system-out/>
  <testcase classname="api.test.UserTests_001" name="testGetUserByName" time="0.334"/>
  <system-out/>
  <testcase classname="api.test.UserTests_001" name="testUpdateUserByName" time="0.649"/>
  <system-out/>
  <testcase classname="api.test.UserTests_001" name="testDeleteUserByName" time="0.330"/>
  <system-out/>
</testsuite> <!-- api.test.UserTests_001 -->
