<?xml version="1.0" encoding="UTF-8"?>
<!-- Generated by org.testng.reporters.JUnitReportReporter -->
<testsuite hostname="Godzilla-ASUSDesktop" failures="0" tests="6" name="api.test.UserTest2_DDT_001" time="1.956" errors="0" timestamp="2023-08-29T21:56:52 MDT" skipped="0">
  <testcase classname="api.test.UserTest2_DDT_001" name="testDDTPostUser" time="0.328"/>
  <system-out/>
  <testcase classname="api.test.UserTest2_DDT_001" name="testDDTPostUser" time="0.324"/>
  <system-out/>
  <testcase classname="api.test.UserTest2_DDT_001" name="testDDTPostUser" time="0.331"/>
  <system-out/>
  <testcase classname="api.test.UserTest2_DDT_001" name="testDDTDeleteUser" time="0.304"/>
  <system-out/>
  <testcase classname="api.test.UserTest2_DDT_001" name="testDDTDeleteUser" time="0.333"/>
  <system-out/>
  <testcase classname="api.test.UserTest2_DDT_001" name="testDDTDeleteUser" time="0.336"/>
  <system-out/>
</testsuite> <!-- api.test.UserTest2_DDT_001 -->
